<?xml version="1.0" encoding="UTF-8"?>
<coverage generated="1557920475536" clover="3.2.0">
  <project timestamp="1557920475536" name="All files">
    <metrics statements="10" coveredstatements="4" conditionals="0" coveredconditionals="0" methods="7" coveredmethods="4" elements="17" coveredelements="8" complexity="0" loc="10" ncloc="10" packages="2" files="2" classes="2"/>
    <package name="models">
      <metrics statements="6" coveredstatements="1" conditionals="0" coveredconditionals="0" methods="4" coveredmethods="2"/>
      <file name="AppModel.js" path="C:\RSSchool\RSSPRIVATE\daryanovak-2019Q1\youtube-client\src\models\AppModel.js">
        <metrics statements="6" coveredstatements="1" conditionals="0" coveredconditionals="0" methods="4" coveredmethods="2"/>
        <line num="3" count="0" type="stmt"/>
        <line num="7" count="3" type="stmt"/>
        <line num="11" count="0" type="stmt"/>
        <line num="13" count="0" type="stmt"/>
        <line num="14" count="0" type="stmt"/>
        <line num="16" count="0" type="stmt"/>
      </file>
    </package>
    <package name="views.AppView">
      <metrics statements="4" coveredstatements="3" conditionals="0" coveredconditionals="0" methods="3" coveredmethods="2"/>
      <file name="AppView.js" path="C:\RSSchool\RSSPRIVATE\daryanovak-2019Q1\youtube-client\src\views\AppView\AppView.js">
        <metrics statements="4" coveredstatements="3" conditionals="0" coveredconditionals="0" methods="3" coveredmethods="2"/>
        <line num="3" count="0" type="stmt"/>
        <line num="7" count="1" type="stmt"/>
        <line num="8" count="4" type="stmt"/>
        <line num="10" count="1" type="stmt"/>
      </file>
    </package>
  </project>
</coverage>
